2020-01-22 00:06:22,461 ERROR: Exception on / [GET] [in C:\Users\Esther Goldberg\PycharmProjects\Esther Goldberg Final Project\venv\lib\site-packages\flask\app.py:1890]
Traceback (most recent call last):
  File "C:\Users\Esther Goldberg\PycharmProjects\Esther Goldberg Final Project\venv\lib\site-packages\flask\app.py", line 2446, in wsgi_app
    response = self.full_dispatch_request()
  File "C:\Users\Esther Goldberg\PycharmProjects\Esther Goldberg Final Project\venv\lib\site-packages\flask\app.py", line 1951, in full_dispatch_request
    rv = self.handle_user_exception(e)
  File "C:\Users\Esther Goldberg\PycharmProjects\Esther Goldberg Final Project\venv\lib\site-packages\flask\app.py", line 1820, in handle_user_exception
    reraise(exc_type, exc_value, tb)
  File "C:\Users\Esther Goldberg\PycharmProjects\Esther Goldberg Final Project\venv\lib\site-packages\flask\_compat.py", line 39, in reraise
    raise value
  File "C:\Users\Esther Goldberg\PycharmProjects\Esther Goldberg Final Project\venv\lib\site-packages\flask\app.py", line 1949, in full_dispatch_request
    rv = self.dispatch_request()
  File "C:\Users\Esther Goldberg\PycharmProjects\Esther Goldberg Final Project\venv\lib\site-packages\flask\app.py", line 1935, in dispatch_request
    return self.view_functions[rule.endpoint](**req.view_args)
  File "C:\Users\Esther Goldberg\PycharmProjects\Esther Goldberg Final Project\app\routes.py", line 15, in about
    return render_template('about.html', title='About')
  File "C:\Users\Esther Goldberg\PycharmProjects\Esther Goldberg Final Project\venv\lib\site-packages\flask\templating.py", line 137, in render_template
    return _render(
  File "C:\Users\Esther Goldberg\PycharmProjects\Esther Goldberg Final Project\venv\lib\site-packages\flask\templating.py", line 120, in _render
    rv = template.render(context)
  File "C:\Users\Esther Goldberg\PycharmProjects\Esther Goldberg Final Project\venv\lib\site-packages\jinja2\asyncsupport.py", line 76, in render
    return original_render(self, *args, **kwargs)
  File "C:\Users\Esther Goldberg\PycharmProjects\Esther Goldberg Final Project\venv\lib\site-packages\jinja2\environment.py", line 1008, in render
    return self.environment.handle_exception(exc_info, True)
  File "C:\Users\Esther Goldberg\PycharmProjects\Esther Goldberg Final Project\venv\lib\site-packages\jinja2\environment.py", line 780, in handle_exception
    reraise(exc_type, exc_value, tb)
  File "C:\Users\Esther Goldberg\PycharmProjects\Esther Goldberg Final Project\venv\lib\site-packages\jinja2\_compat.py", line 37, in reraise
    raise value.with_traceback(tb)
  File "C:\Users\Esther Goldberg\PycharmProjects\Esther Goldberg Final Project\app\../templates\about.html", line 1, in <module>
    {% extends base.html %}
  File "C:\Users\Esther Goldberg\PycharmProjects\Esther Goldberg Final Project\venv\lib\site-packages\jinja2\environment.py", line 430, in getattr
    return getattr(obj, attribute)
jinja2.exceptions.UndefinedError: 'base' is undefined
2020-01-22 00:21:05,505 INFO: Microblog startup [in C:\Users\Esther Goldberg\PycharmProjects\Esther Goldberg Final Project\app\__init__.py:47]
2020-01-22 00:23:52,286 INFO: Microblog startup [in C:\Users\Esther Goldberg\PycharmProjects\Esther Goldberg Final Project\app\__init__.py:47]
2020-01-22 00:29:48,527 INFO: Microblog startup [in C:\Users\Esther Goldberg\PycharmProjects\Esther Goldberg Final Project\app\__init__.py:47]
2020-01-22 00:43:59,754 INFO: Microblog startup [in C:\Users\Esther Goldberg\PycharmProjects\Esther Goldberg Final Project\app\__init__.py:47]
2020-01-22 00:49:04,864 INFO: Microblog startup [in C:\Users\Esther Goldberg\PycharmProjects\Esther Goldberg Final Project\app\__init__.py:47]
2020-01-22 00:53:56,041 INFO: Microblog startup [in C:\Users\Esther Goldberg\PycharmProjects\Esther Goldberg Final Project\app\__init__.py:47]
2020-01-22 00:54:18,175 INFO: Microblog startup [in C:\Users\Esther Goldberg\PycharmProjects\Esther Goldberg Final Project\app\__init__.py:47]
2020-01-22 00:54:50,629 INFO: Microblog startup [in C:\Users\Esther Goldberg\PycharmProjects\Esther Goldberg Final Project\app\__init__.py:47]
2020-01-22 01:05:06,525 INFO: Microblog startup [in C:\Users\Esther Goldberg\PycharmProjects\Esther Goldberg Final Project\app\__init__.py:47]
2020-01-22 01:10:41,633 INFO: Microblog startup [in C:\Users\Esther Goldberg\PycharmProjects\Esther Goldberg Final Project\app\__init__.py:47]
2020-01-22 01:12:15,042 INFO: Microblog startup [in C:\Users\Esther Goldberg\PycharmProjects\Esther Goldberg Final Project\app\__init__.py:47]
2020-01-22 01:40:32,877 INFO: Microblog startup [in C:\Users\Esther Goldberg\PycharmProjects\Esther Goldberg Final Project\app\__init__.py:47]
2020-01-22 01:45:02,076 INFO: Microblog startup [in C:\Users\Esther Goldberg\PycharmProjects\Esther Goldberg Final Project\app\__init__.py:47]
2020-01-22 01:49:57,817 INFO: Microblog startup [in C:\Users\Esther Goldberg\PycharmProjects\Esther Goldberg Final Project\app\__init__.py:47]
2020-01-22 01:59:09,619 INFO: Microblog startup [in C:\Users\Esther Goldberg\PycharmProjects\Esther Goldberg Final Project\app\__init__.py:47]
2020-01-22 02:07:24,088 INFO: Microblog startup [in C:\Users\Esther Goldberg\PycharmProjects\Esther Goldberg Final Project\app\__init__.py:47]
2020-01-22 02:14:36,777 INFO: Microblog startup [in C:\Users\Esther Goldberg\PycharmProjects\Esther Goldberg Final Project\app\__init__.py:47]
2020-01-22 02:16:21,620 INFO: Microblog startup [in C:\Users\Esther Goldberg\PycharmProjects\Esther Goldberg Final Project\app\__init__.py:47]
2020-01-22 02:31:12,492 INFO: Microblog startup [in C:\Users\Esther Goldberg\PycharmProjects\Esther Goldberg Final Project\app\__init__.py:47]
2020-01-22 02:38:25,093 INFO: Microblog startup [in C:\Users\Esther Goldberg\PycharmProjects\Esther Goldberg Final Project\app\__init__.py:47]
2020-01-22 02:39:11,507 INFO: Microblog startup [in C:\Users\Esther Goldberg\PycharmProjects\Esther Goldberg Final Project\app\__init__.py:47]
2020-01-22 02:40:28,208 INFO: Microblog startup [in C:\Users\Esther Goldberg\PycharmProjects\Esther Goldberg Final Project\app\__init__.py:47]
2020-01-22 02:41:05,126 INFO: Microblog startup [in C:\Users\Esther Goldberg\PycharmProjects\Esther Goldberg Final Project\app\__init__.py:47]
2020-01-22 02:41:47,933 INFO: Microblog startup [in C:\Users\Esther Goldberg\PycharmProjects\Esther Goldberg Final Project\app\__init__.py:47]
2020-01-22 02:42:17,615 INFO: Microblog startup [in C:\Users\Esther Goldberg\PycharmProjects\Esther Goldberg Final Project\app\__init__.py:47]
2020-01-22 02:46:06,307 INFO: Microblog startup [in C:\Users\Esther Goldberg\PycharmProjects\Esther Goldberg Final Project\app\__init__.py:47]
2020-01-22 02:46:46,386 INFO: Microblog startup [in C:\Users\Esther Goldberg\PycharmProjects\Esther Goldberg Final Project\app\__init__.py:47]
2020-01-22 02:47:34,733 INFO: Microblog startup [in C:\Users\Esther Goldberg\PycharmProjects\Esther Goldberg Final Project\app\__init__.py:47]
2020-01-22 02:48:10,670 INFO: Microblog startup [in C:\Users\Esther Goldberg\PycharmProjects\Esther Goldberg Final Project\app\__init__.py:47]
2020-01-22 02:48:40,080 INFO: Microblog startup [in C:\Users\Esther Goldberg\PycharmProjects\Esther Goldberg Final Project\app\__init__.py:47]
2020-01-22 02:53:54,894 INFO: Microblog startup [in C:\Users\Esther Goldberg\PycharmProjects\Esther Goldberg Final Project\app\__init__.py:47]
2020-01-22 02:54:40,355 INFO: Microblog startup [in C:\Users\Esther Goldberg\PycharmProjects\Esther Goldberg Final Project\app\__init__.py:47]
2020-01-22 02:57:09,526 INFO: Microblog startup [in C:\Users\Esther Goldberg\PycharmProjects\Esther Goldberg Final Project\app\__init__.py:47]
2020-01-22 02:57:52,749 INFO: Microblog startup [in C:\Users\Esther Goldberg\PycharmProjects\Esther Goldberg Final Project\app\__init__.py:47]
